
> plot-polls@33.0.0 dev
> vite


  VITE v6.4.3  ready in 253 ms

  ➜  Local:   http://localhost:5173/
  ➜  Network: use --host to expose
3:21:28 AM [vite] Internal server error: /app/src/App.jsx: Adjacent JSX elements must be wrapped in an enclosing tag. Did you want a JSX fragment <>...</>? (354:14)

  352 |               </div>
  353 |
> 354 |               <div className="grid xl:grid-cols-[1fr_1.1fr] gap-4">
      |               ^
  355 |                 <div className="space-y-4 flex flex-col order-last xl:order-none">
  356 |                   <Recommendations
  357 |                     onOpenRec={(rec) => setRecDetail(rec)}
  Plugin: vite:react-babel
  File: /app/src/App.jsx:354:14
  352|                </div>
  353|
  354|                <div className="grid xl:grid-cols-[1fr_1.1fr] gap-4">
     |                ^
  355|                  <div className="space-y-4 flex flex-col order-last xl:order-none">
  356|                    <Recommendations
      at constructor (/app/node_modules/@babel/parser/lib/index.js:365:19)
      at JSXParserMixin.raise (/app/node_modules/@babel/parser/lib/index.js:6616:19)
      at JSXParserMixin.jsxParseElementAt (/app/node_modules/@babel/parser/lib/index.js:4754:18)
      at JSXParserMixin.jsxParseElement (/app/node_modules/@babel/parser/lib/index.js:4761:17)
      at JSXParserMixin.parseExprAtom (/app/node_modules/@babel/parser/lib/index.js:4771:19)
      at JSXParserMixin.parseExprSubscripts (/app/node_modules/@babel/parser/lib/index.js:11098:23)
      at JSXParserMixin.parseUpdate (/app/node_modules/@babel/parser/lib/index.js:11083:21)
      at JSXParserMixin.parseMaybeUnary (/app/node_modules/@babel/parser/lib/index.js:11063:23)
      at JSXParserMixin.parseMaybeUnaryOrPrivate (/app/node_modules/@babel/parser/lib/index.js:10916:61)
      at JSXParserMixin.parseExprOps (/app/node_modules/@babel/parser/lib/index.js:10921:23)
      at JSXParserMixin.parseMaybeConditional (/app/node_modules/@babel/parser/lib/index.js:10898:23)
      at JSXParserMixin.parseMaybeAssign (/app/node_modules/@babel/parser/lib/index.js:10848:21)
      at /app/node_modules/@babel/parser/lib/index.js:10817:39
      at JSXParserMixin.allowInAnd (/app/node_modules/@babel/parser/lib/index.js:12443:12)
      at JSXParserMixin.parseMaybeAssignAllowIn (/app/node_modules/@babel/parser/lib/index.js:10817:17)
      at JSXParserMixin.parseMaybeAssignAllowInOrVoidPattern (/app/node_modules/@babel/parser/lib/index.js:12510:17)
      at JSXParserMixin.parseParenAndDistinguishExpression (/app/node_modules/@babel/parser/lib/index.js:11692:28)
      at JSXParserMixin.parseExprAtom (/app/node_modules/@babel/parser/lib/index.js:11348:23)
      at JSXParserMixin.parseExprAtom (/app/node_modules/@babel/parser/lib/index.js:4776:20)
      at JSXParserMixin.parseExprSubscripts (/app/node_modules/@babel/parser/lib/index.js:11098:23)
      at JSXParserMixin.parseUpdate (/app/node_modules/@babel/parser/lib/index.js:11083:21)
      at JSXParserMixin.parseMaybeUnary (/app/node_modules/@babel/parser/lib/index.js:11063:23)
      at JSXParserMixin.parseMaybeUnaryOrPrivate (/app/node_modules/@babel/parser/lib/index.js:10916:61)
      at JSXParserMixin.parseExprOpBaseRightExpr (/app/node_modules/@babel/parser/lib/index.js:11003:34)
      at JSXParserMixin.parseExprOpRightExpr (/app/node_modules/@babel/parser/lib/index.js:10998:21)
      at JSXParserMixin.parseExprOp (/app/node_modules/@babel/parser/lib/index.js:10964:27)
      at JSXParserMixin.parseExprOp (/app/node_modules/@babel/parser/lib/index.js:10970:21)
      at JSXParserMixin.parseExprOps (/app/node_modules/@babel/parser/lib/index.js:10925:17)
      at JSXParserMixin.parseMaybeConditional (/app/node_modules/@babel/parser/lib/index.js:10898:23)
      at JSXParserMixin.parseMaybeAssign (/app/node_modules/@babel/parser/lib/index.js:10848:21)
      at JSXParserMixin.parseExpressionBase (/app/node_modules/@babel/parser/lib/index.js:10801:23)
      at /app/node_modules/@babel/parser/lib/index.js:10797:39
      at JSXParserMixin.allowInAnd (/app/node_modules/@babel/parser/lib/index.js:12443:12)
      at JSXParserMixin.parseExpression (/app/node_modules/@babel/parser/lib/index.js:10797:17)
      at JSXParserMixin.jsxParseExpressionContainer (/app/node_modules/@babel/parser/lib/index.js:4644:31)
      at JSXParserMixin.jsxParseElementAt (/app/node_modules/@babel/parser/lib/index.js:4723:36)
      at JSXParserMixin.jsxParseElement (/app/node_modules/@babel/parser/lib/index.js:4761:17)
      at JSXParserMixin.parseExprAtom (/app/node_modules/@babel/parser/lib/index.js:4771:19)
      at JSXParserMixin.parseExprSubscripts (/app/node_modules/@babel/parser/lib/index.js:11098:23)
      at JSXParserMixin.parseUpdate (/app/node_modules/@babel/parser/lib/index.js:11083:21)
      at JSXParserMixin.parseMaybeUnary (/app/node_modules/@babel/parser/lib/index.js:11063:23)
      at JSXParserMixin.parseMaybeUnaryOrPrivate (/app/node_modules/@babel/parser/lib/index.js:10916:61)
      at JSXParserMixin.parseExprOps (/app/node_modules/@babel/parser/lib/index.js:10921:23)
      at JSXParserMixin.parseMaybeConditional (/app/node_modules/@babel/parser/lib/index.js:10898:23)
      at JSXParserMixin.parseMaybeAssign (/app/node_modules/@babel/parser/lib/index.js:10848:21)
      at /app/node_modules/@babel/parser/lib/index.js:10817:39
      at JSXParserMixin.allowInAnd (/app/node_modules/@babel/parser/lib/index.js:12443:12)
      at JSXParserMixin.parseMaybeAssignAllowIn (/app/node_modules/@babel/parser/lib/index.js:10817:17)
      at JSXParserMixin.parseMaybeAssignAllowInOrVoidPattern (/app/node_modules/@babel/parser/lib/index.js:12510:17)
      at JSXParserMixin.parseParenAndDistinguishExpression (/app/node_modules/@babel/parser/lib/index.js:11692:28)
3:21:28 AM [vite] (client) Pre-transform error: /app/src/App.jsx: Adjacent JSX elements must be wrapped in an enclosing tag. Did you want a JSX fragment <>...</>? (354:14)

  352 |               </div>
  353 |
> 354 |               <div className="grid xl:grid-cols-[1fr_1.1fr] gap-4">
      |               ^
  355 |                 <div className="space-y-4 flex flex-col order-last xl:order-none">
  356 |                   <Recommendations
  357 |                     onOpenRec={(rec) => setRecDetail(rec)}
  Plugin: vite:react-babel
  File: /app/src/App.jsx:354:14
  352|                </div>
  353|
  354|                <div className="grid xl:grid-cols-[1fr_1.1fr] gap-4">
     |                ^
  355|                  <div className="space-y-4 flex flex-col order-last xl:order-none">
  356|                    <Recommendations
3:23:00 AM [vite] Internal server error: /app/src/App.jsx: Adjacent JSX elements must be wrapped in an enclosing tag. Did you want a JSX fragment <>...</>? (354:14)

  352 |               </div>
  353 |
> 354 |               <div className="grid xl:grid-cols-[1fr_1.1fr] gap-4">
      |               ^
  355 |                 <div className="space-y-4 flex flex-col order-last xl:order-none">
  356 |                   <Recommendations
  357 |                     onOpenRec={(rec) => setRecDetail(rec)}
  Plugin: vite:react-babel
  File: /app/src/App.jsx:354:14
  352|                </div>
  353|
  354|                <div className="grid xl:grid-cols-[1fr_1.1fr] gap-4">
     |                ^
  355|                  <div className="space-y-4 flex flex-col order-last xl:order-none">
  356|                    <Recommendations
      at constructor (/app/node_modules/@babel/parser/lib/index.js:365:19)
      at JSXParserMixin.raise (/app/node_modules/@babel/parser/lib/index.js:6616:19)
      at JSXParserMixin.jsxParseElementAt (/app/node_modules/@babel/parser/lib/index.js:4754:18)
      at JSXParserMixin.jsxParseElement (/app/node_modules/@babel/parser/lib/index.js:4761:17)
      at JSXParserMixin.parseExprAtom (/app/node_modules/@babel/parser/lib/index.js:4771:19)
      at JSXParserMixin.parseExprSubscripts (/app/node_modules/@babel/parser/lib/index.js:11098:23)
      at JSXParserMixin.parseUpdate (/app/node_modules/@babel/parser/lib/index.js:11083:21)
      at JSXParserMixin.parseMaybeUnary (/app/node_modules/@babel/parser/lib/index.js:11063:23)
      at JSXParserMixin.parseMaybeUnaryOrPrivate (/app/node_modules/@babel/parser/lib/index.js:10916:61)
      at JSXParserMixin.parseExprOps (/app/node_modules/@babel/parser/lib/index.js:10921:23)
      at JSXParserMixin.parseMaybeConditional (/app/node_modules/@babel/parser/lib/index.js:10898:23)
      at JSXParserMixin.parseMaybeAssign (/app/node_modules/@babel/parser/lib/index.js:10848:21)
      at /app/node_modules/@babel/parser/lib/index.js:10817:39
      at JSXParserMixin.allowInAnd (/app/node_modules/@babel/parser/lib/index.js:12443:12)
      at JSXParserMixin.parseMaybeAssignAllowIn (/app/node_modules/@babel/parser/lib/index.js:10817:17)
      at JSXParserMixin.parseMaybeAssignAllowInOrVoidPattern (/app/node_modules/@babel/parser/lib/index.js:12510:17)
      at JSXParserMixin.parseParenAndDistinguishExpression (/app/node_modules/@babel/parser/lib/index.js:11692:28)
      at JSXParserMixin.parseExprAtom (/app/node_modules/@babel/parser/lib/index.js:11348:23)
      at JSXParserMixin.parseExprAtom (/app/node_modules/@babel/parser/lib/index.js:4776:20)
      at JSXParserMixin.parseExprSubscripts (/app/node_modules/@babel/parser/lib/index.js:11098:23)
      at JSXParserMixin.parseUpdate (/app/node_modules/@babel/parser/lib/index.js:11083:21)
      at JSXParserMixin.parseMaybeUnary (/app/node_modules/@babel/parser/lib/index.js:11063:23)
      at JSXParserMixin.parseMaybeUnaryOrPrivate (/app/node_modules/@babel/parser/lib/index.js:10916:61)
      at JSXParserMixin.parseExprOpBaseRightExpr (/app/node_modules/@babel/parser/lib/index.js:11003:34)
      at JSXParserMixin.parseExprOpRightExpr (/app/node_modules/@babel/parser/lib/index.js:10998:21)
      at JSXParserMixin.parseExprOp (/app/node_modules/@babel/parser/lib/index.js:10964:27)
      at JSXParserMixin.parseExprOp (/app/node_modules/@babel/parser/lib/index.js:10970:21)
      at JSXParserMixin.parseExprOps (/app/node_modules/@babel/parser/lib/index.js:10925:17)
      at JSXParserMixin.parseMaybeConditional (/app/node_modules/@babel/parser/lib/index.js:10898:23)
      at JSXParserMixin.parseMaybeAssign (/app/node_modules/@babel/parser/lib/index.js:10848:21)
      at JSXParserMixin.parseExpressionBase (/app/node_modules/@babel/parser/lib/index.js:10801:23)
      at /app/node_modules/@babel/parser/lib/index.js:10797:39
      at JSXParserMixin.allowInAnd (/app/node_modules/@babel/parser/lib/index.js:12443:12)
      at JSXParserMixin.parseExpression (/app/node_modules/@babel/parser/lib/index.js:10797:17)
      at JSXParserMixin.jsxParseExpressionContainer (/app/node_modules/@babel/parser/lib/index.js:4644:31)
      at JSXParserMixin.jsxParseElementAt (/app/node_modules/@babel/parser/lib/index.js:4723:36)
      at JSXParserMixin.jsxParseElement (/app/node_modules/@babel/parser/lib/index.js:4761:17)
      at JSXParserMixin.parseExprAtom (/app/node_modules/@babel/parser/lib/index.js:4771:19)
      at JSXParserMixin.parseExprSubscripts (/app/node_modules/@babel/parser/lib/index.js:11098:23)
      at JSXParserMixin.parseUpdate (/app/node_modules/@babel/parser/lib/index.js:11083:21)
      at JSXParserMixin.parseMaybeUnary (/app/node_modules/@babel/parser/lib/index.js:11063:23)
      at JSXParserMixin.parseMaybeUnaryOrPrivate (/app/node_modules/@babel/parser/lib/index.js:10916:61)
      at JSXParserMixin.parseExprOps (/app/node_modules/@babel/parser/lib/index.js:10921:23)
      at JSXParserMixin.parseMaybeConditional (/app/node_modules/@babel/parser/lib/index.js:10898:23)
      at JSXParserMixin.parseMaybeAssign (/app/node_modules/@babel/parser/lib/index.js:10848:21)
      at /app/node_modules/@babel/parser/lib/index.js:10817:39
      at JSXParserMixin.allowInAnd (/app/node_modules/@babel/parser/lib/index.js:12443:12)
      at JSXParserMixin.parseMaybeAssignAllowIn (/app/node_modules/@babel/parser/lib/index.js:10817:17)
      at JSXParserMixin.parseMaybeAssignAllowInOrVoidPattern (/app/node_modules/@babel/parser/lib/index.js:12510:17)
      at JSXParserMixin.parseParenAndDistinguishExpression (/app/node_modules/@babel/parser/lib/index.js:11692:28)
3:23:51 AM [vite] (client) page reload dom.html
3:23:52 AM [vite] Internal server error: /app/src/App.jsx: Adjacent JSX elements must be wrapped in an enclosing tag. Did you want a JSX fragment <>...</>? (354:14)

  352 |               </div>
  353 |
> 354 |               <div className="grid xl:grid-cols-[1fr_1.1fr] gap-4">
      |               ^
  355 |                 <div className="space-y-4 flex flex-col order-last xl:order-none">
  356 |                   <Recommendations
  357 |                     onOpenRec={(rec) => setRecDetail(rec)}
  Plugin: vite:react-babel
  File: /app/src/App.jsx:354:14
  352|                </div>
  353|
  354|                <div className="grid xl:grid-cols-[1fr_1.1fr] gap-4">
     |                ^
  355|                  <div className="space-y-4 flex flex-col order-last xl:order-none">
  356|                    <Recommendations
      at constructor (/app/node_modules/@babel/parser/lib/index.js:365:19)
      at JSXParserMixin.raise (/app/node_modules/@babel/parser/lib/index.js:6616:19)
      at JSXParserMixin.jsxParseElementAt (/app/node_modules/@babel/parser/lib/index.js:4754:18)
      at JSXParserMixin.jsxParseElement (/app/node_modules/@babel/parser/lib/index.js:4761:17)
      at JSXParserMixin.parseExprAtom (/app/node_modules/@babel/parser/lib/index.js:4771:19)
      at JSXParserMixin.parseExprSubscripts (/app/node_modules/@babel/parser/lib/index.js:11098:23)
      at JSXParserMixin.parseUpdate (/app/node_modules/@babel/parser/lib/index.js:11083:21)
      at JSXParserMixin.parseMaybeUnary (/app/node_modules/@babel/parser/lib/index.js:11063:23)
      at JSXParserMixin.parseMaybeUnaryOrPrivate (/app/node_modules/@babel/parser/lib/index.js:10916:61)
      at JSXParserMixin.parseExprOps (/app/node_modules/@babel/parser/lib/index.js:10921:23)
      at JSXParserMixin.parseMaybeConditional (/app/node_modules/@babel/parser/lib/index.js:10898:23)
      at JSXParserMixin.parseMaybeAssign (/app/node_modules/@babel/parser/lib/index.js:10848:21)
      at /app/node_modules/@babel/parser/lib/index.js:10817:39
      at JSXParserMixin.allowInAnd (/app/node_modules/@babel/parser/lib/index.js:12443:12)
      at JSXParserMixin.parseMaybeAssignAllowIn (/app/node_modules/@babel/parser/lib/index.js:10817:17)
      at JSXParserMixin.parseMaybeAssignAllowInOrVoidPattern (/app/node_modules/@babel/parser/lib/index.js:12510:17)
      at JSXParserMixin.parseParenAndDistinguishExpression (/app/node_modules/@babel/parser/lib/index.js:11692:28)
      at JSXParserMixin.parseExprAtom (/app/node_modules/@babel/parser/lib/index.js:11348:23)
      at JSXParserMixin.parseExprAtom (/app/node_modules/@babel/parser/lib/index.js:4776:20)
      at JSXParserMixin.parseExprSubscripts (/app/node_modules/@babel/parser/lib/index.js:11098:23)
      at JSXParserMixin.parseUpdate (/app/node_modules/@babel/parser/lib/index.js:11083:21)
      at JSXParserMixin.parseMaybeUnary (/app/node_modules/@babel/parser/lib/index.js:11063:23)
      at JSXParserMixin.parseMaybeUnaryOrPrivate (/app/node_modules/@babel/parser/lib/index.js:10916:61)
      at JSXParserMixin.parseExprOpBaseRightExpr (/app/node_modules/@babel/parser/lib/index.js:11003:34)
      at JSXParserMixin.parseExprOpRightExpr (/app/node_modules/@babel/parser/lib/index.js:10998:21)
      at JSXParserMixin.parseExprOp (/app/node_modules/@babel/parser/lib/index.js:10964:27)
      at JSXParserMixin.parseExprOp (/app/node_modules/@babel/parser/lib/index.js:10970:21)
      at JSXParserMixin.parseExprOps (/app/node_modules/@babel/parser/lib/index.js:10925:17)
      at JSXParserMixin.parseMaybeConditional (/app/node_modules/@babel/parser/lib/index.js:10898:23)
      at JSXParserMixin.parseMaybeAssign (/app/node_modules/@babel/parser/lib/index.js:10848:21)
      at JSXParserMixin.parseExpressionBase (/app/node_modules/@babel/parser/lib/index.js:10801:23)
      at /app/node_modules/@babel/parser/lib/index.js:10797:39
      at JSXParserMixin.allowInAnd (/app/node_modules/@babel/parser/lib/index.js:12443:12)
      at JSXParserMixin.parseExpression (/app/node_modules/@babel/parser/lib/index.js:10797:17)
      at JSXParserMixin.jsxParseExpressionContainer (/app/node_modules/@babel/parser/lib/index.js:4644:31)
      at JSXParserMixin.jsxParseElementAt (/app/node_modules/@babel/parser/lib/index.js:4723:36)
      at JSXParserMixin.jsxParseElement (/app/node_modules/@babel/parser/lib/index.js:4761:17)
      at JSXParserMixin.parseExprAtom (/app/node_modules/@babel/parser/lib/index.js:4771:19)
      at JSXParserMixin.parseExprSubscripts (/app/node_modules/@babel/parser/lib/index.js:11098:23)
      at JSXParserMixin.parseUpdate (/app/node_modules/@babel/parser/lib/index.js:11083:21)
      at JSXParserMixin.parseMaybeUnary (/app/node_modules/@babel/parser/lib/index.js:11063:23)
      at JSXParserMixin.parseMaybeUnaryOrPrivate (/app/node_modules/@babel/parser/lib/index.js:10916:61)
      at JSXParserMixin.parseExprOps (/app/node_modules/@babel/parser/lib/index.js:10921:23)
      at JSXParserMixin.parseMaybeConditional (/app/node_modules/@babel/parser/lib/index.js:10898:23)
      at JSXParserMixin.parseMaybeAssign (/app/node_modules/@babel/parser/lib/index.js:10848:21)
      at /app/node_modules/@babel/parser/lib/index.js:10817:39
      at JSXParserMixin.allowInAnd (/app/node_modules/@babel/parser/lib/index.js:12443:12)
      at JSXParserMixin.parseMaybeAssignAllowIn (/app/node_modules/@babel/parser/lib/index.js:10817:17)
      at JSXParserMixin.parseMaybeAssignAllowInOrVoidPattern (/app/node_modules/@babel/parser/lib/index.js:12510:17)
      at JSXParserMixin.parseParenAndDistinguishExpression (/app/node_modules/@babel/parser/lib/index.js:11692:28)
3:23:55 AM [vite] (client) page reload dom.html
3:27:44 AM [vite] (client) Pre-transform error: /app/src/App.jsx: Adjacent JSX elements must be wrapped in an enclosing tag. Did you want a JSX fragment <>...</>? (354:14)

  352 |               </div>
  353 |
> 354 |               <div className="grid xl:grid-cols-[1fr_1.1fr] gap-4">
      |               ^
  355 |                 <div className="space-y-4 flex flex-col">
  356 |                   <Recommendations
  357 |                     onOpenRec={(rec) => setRecDetail(rec)}
  Plugin: vite:react-babel
  File: /app/src/App.jsx:354:14
  352|                </div>
  353|
  354|                <div className="grid xl:grid-cols-[1fr_1.1fr] gap-4">
     |                ^
  355|                  <div className="space-y-4 flex flex-col">
  356|                    <Recommendations
3:27:44 AM [vite] Internal server error: /app/src/App.jsx: Adjacent JSX elements must be wrapped in an enclosing tag. Did you want a JSX fragment <>...</>? (354:14)

  352 |               </div>
  353 |
> 354 |               <div className="grid xl:grid-cols-[1fr_1.1fr] gap-4">
      |               ^
  355 |                 <div className="space-y-4 flex flex-col">
  356 |                   <Recommendations
  357 |                     onOpenRec={(rec) => setRecDetail(rec)}
  Plugin: vite:react-babel
  File: /app/src/App.jsx:354:14
  352|                </div>
  353|
  354|                <div className="grid xl:grid-cols-[1fr_1.1fr] gap-4">
     |                ^
  355|                  <div className="space-y-4 flex flex-col">
  356|                    <Recommendations
      at constructor (/app/node_modules/@babel/parser/lib/index.js:365:19)
      at JSXParserMixin.raise (/app/node_modules/@babel/parser/lib/index.js:6616:19)
      at JSXParserMixin.jsxParseElementAt (/app/node_modules/@babel/parser/lib/index.js:4754:18)
      at JSXParserMixin.jsxParseElement (/app/node_modules/@babel/parser/lib/index.js:4761:17)
      at JSXParserMixin.parseExprAtom (/app/node_modules/@babel/parser/lib/index.js:4771:19)
      at JSXParserMixin.parseExprSubscripts (/app/node_modules/@babel/parser/lib/index.js:11098:23)
      at JSXParserMixin.parseUpdate (/app/node_modules/@babel/parser/lib/index.js:11083:21)
      at JSXParserMixin.parseMaybeUnary (/app/node_modules/@babel/parser/lib/index.js:11063:23)
      at JSXParserMixin.parseMaybeUnaryOrPrivate (/app/node_modules/@babel/parser/lib/index.js:10916:61)
      at JSXParserMixin.parseExprOps (/app/node_modules/@babel/parser/lib/index.js:10921:23)
      at JSXParserMixin.parseMaybeConditional (/app/node_modules/@babel/parser/lib/index.js:10898:23)
      at JSXParserMixin.parseMaybeAssign (/app/node_modules/@babel/parser/lib/index.js:10848:21)
      at /app/node_modules/@babel/parser/lib/index.js:10817:39
      at JSXParserMixin.allowInAnd (/app/node_modules/@babel/parser/lib/index.js:12443:12)
      at JSXParserMixin.parseMaybeAssignAllowIn (/app/node_modules/@babel/parser/lib/index.js:10817:17)
      at JSXParserMixin.parseMaybeAssignAllowInOrVoidPattern (/app/node_modules/@babel/parser/lib/index.js:12510:17)
      at JSXParserMixin.parseParenAndDistinguishExpression (/app/node_modules/@babel/parser/lib/index.js:11692:28)
      at JSXParserMixin.parseExprAtom (/app/node_modules/@babel/parser/lib/index.js:11348:23)
      at JSXParserMixin.parseExprAtom (/app/node_modules/@babel/parser/lib/index.js:4776:20)
      at JSXParserMixin.parseExprSubscripts (/app/node_modules/@babel/parser/lib/index.js:11098:23)
      at JSXParserMixin.parseUpdate (/app/node_modules/@babel/parser/lib/index.js:11083:21)
      at JSXParserMixin.parseMaybeUnary (/app/node_modules/@babel/parser/lib/index.js:11063:23)
      at JSXParserMixin.parseMaybeUnaryOrPrivate (/app/node_modules/@babel/parser/lib/index.js:10916:61)
      at JSXParserMixin.parseExprOpBaseRightExpr (/app/node_modules/@babel/parser/lib/index.js:11003:34)
      at JSXParserMixin.parseExprOpRightExpr (/app/node_modules/@babel/parser/lib/index.js:10998:21)
      at JSXParserMixin.parseExprOp (/app/node_modules/@babel/parser/lib/index.js:10964:27)
      at JSXParserMixin.parseExprOp (/app/node_modules/@babel/parser/lib/index.js:10970:21)
      at JSXParserMixin.parseExprOps (/app/node_modules/@babel/parser/lib/index.js:10925:17)
      at JSXParserMixin.parseMaybeConditional (/app/node_modules/@babel/parser/lib/index.js:10898:23)
      at JSXParserMixin.parseMaybeAssign (/app/node_modules/@babel/parser/lib/index.js:10848:21)
      at JSXParserMixin.parseExpressionBase (/app/node_modules/@babel/parser/lib/index.js:10801:23)
      at /app/node_modules/@babel/parser/lib/index.js:10797:39
      at JSXParserMixin.allowInAnd (/app/node_modules/@babel/parser/lib/index.js:12443:12)
      at JSXParserMixin.parseExpression (/app/node_modules/@babel/parser/lib/index.js:10797:17)
      at JSXParserMixin.jsxParseExpressionContainer (/app/node_modules/@babel/parser/lib/index.js:4644:31)
      at JSXParserMixin.jsxParseElementAt (/app/node_modules/@babel/parser/lib/index.js:4723:36)
      at JSXParserMixin.jsxParseElement (/app/node_modules/@babel/parser/lib/index.js:4761:17)
      at JSXParserMixin.parseExprAtom (/app/node_modules/@babel/parser/lib/index.js:4771:19)
      at JSXParserMixin.parseExprSubscripts (/app/node_modules/@babel/parser/lib/index.js:11098:23)
      at JSXParserMixin.parseUpdate (/app/node_modules/@babel/parser/lib/index.js:11083:21)
      at JSXParserMixin.parseMaybeUnary (/app/node_modules/@babel/parser/lib/index.js:11063:23)
      at JSXParserMixin.parseMaybeUnaryOrPrivate (/app/node_modules/@babel/parser/lib/index.js:10916:61)
      at JSXParserMixin.parseExprOps (/app/node_modules/@babel/parser/lib/index.js:10921:23)
      at JSXParserMixin.parseMaybeConditional (/app/node_modules/@babel/parser/lib/index.js:10898:23)
      at JSXParserMixin.parseMaybeAssign (/app/node_modules/@babel/parser/lib/index.js:10848:21)
      at /app/node_modules/@babel/parser/lib/index.js:10817:39
      at JSXParserMixin.allowInAnd (/app/node_modules/@babel/parser/lib/index.js:12443:12)
      at JSXParserMixin.parseMaybeAssignAllowIn (/app/node_modules/@babel/parser/lib/index.js:10817:17)
      at JSXParserMixin.parseMaybeAssignAllowInOrVoidPattern (/app/node_modules/@babel/parser/lib/index.js:12510:17)
      at JSXParserMixin.parseParenAndDistinguishExpression (/app/node_modules/@babel/parser/lib/index.js:11692:28)
